This file contains any messages produced by compilers while
running CMake, to aid debugging if configure makes a mistake.

It was created by vsa1control CMake configuration process UNKNOWN, which was
generated by CMake 2.8.7.

## --------- ##
## Platform. ##
## --------- ##

hostname = hachimantai
system = Linux-3.14.17
processor = x86_64
generator = Unix Makefiles

PATH /opt/ros/hydro/bin
PATH /usr/java/jre1.8.0_25/bin
PATH /usr/local/sbin
PATH /usr/local/bin
PATH /usr/sbin
PATH /usr/bin
PATH /sbin
PATH /bin
PATH /usr/games

PKG_CONFIG_PATH /opt/ros/hydro/lib/pkgconfig
PKG_CONFIG_PATH /usr/xenomai/lib/pkgconfig/

## ---------------- ##
## CMake variables. ##
## ---------------- ##

CMAKE_ROOT = /usr/share/cmake-2.8
CMAKE_INCLUDE_PATH = 
CMAKE_LIBRARY_PATH = 
CMAKE_PREFIX_PATH = 
CMAKE_INSTALL_ALWAYS = 
CMAKE_SKIP_RPATH = NO
CMAKE_SUPPRESS_REGENERATION = 
BUILD_SHARED_LIBS = 

CMAKE_INSTALL_PREFIX = /usr/local
CMAKE_SOURCE_DIR = /usr/users/localuser/softdev/vsa1control
CMAKE_BINARY_DIR = /usr/users/localuser/softdev/vsa1control/build

CMAKE_AR = /usr/bin/ar
CMAKE_RANLIB = /usr/bin/ranlib
CMAKE_BUILD_TYPE = 
CMAKE_CONFIGURATION_TYPES = 
CMAKE_SHARED_LINKER_FLAGS =  

CMAKE_C_COMPILER = /usr/bin/gcc
CMAKE_C_FLAGS = 
CMAKE_C_FLAGS_DEBUG = -g
CMAKE_C_FLAGS_RELEASE = -O3 -DNDEBUG
CMAKE_CXX_COMPILER = /usr/bin/c++
CMAKE_CXX_FLAGS =   -pedantic -Wno-long-long -Wall -Wextra -Wcast-align -Wcast-qual -Wformat -Wwrite-strings -Wconversion
CMAKE_CXX_FLAGS_DEBUG = -g
CMAKE_CXX_FLAGS_RELEASE = -O3 -DNDEBUG
CMAKE_CXX_FLAGS_RELWITHDEBINFO = -O2 -g

CMAKE_STATIC_LIBRARY_PREFIX = lib
CMAKE_STATIC_LIBRARY_SUFFIX = .a
CMAKE_SHARED_LIBRARY_PREFIX = lib
CMAKE_SHARED_LIBRARY_SUFFIX = .so
CMAKE_SHARED_MODULE_PREFIX = lib
CMAKE_SHARED_MODULE_SUFFIX = .so

## ------------------ ##
## Watched variables. ##
## ------------------ ##

LIBXENOMAI_NATIVE_FOUND = 1
LIBXENOMAI_NATIVE_LIBRARIES = native;xenomai;pthread;rt
LIBXENOMAI_NATIVE_LIBRARY_DIRS = /usr/xenomai/lib
LIBXENOMAI_NATIVE_LDFLAGS = -L/usr/xenomai/lib;-lnative;-lxenomai;-lpthread;-lrt
LIBXENOMAI_NATIVE_LDFLAGS_OTHER = 
LIBXENOMAI_NATIVE_INCLUDE_DIRS = /usr/xenomai/include
LIBXENOMAI_NATIVE_CFLAGS = -D_GNU_SOURCE;-D_REENTRANT;-D__XENO__;-I/usr/xenomai/include
LIBXENOMAI_NATIVE_CFLAGS_OTHER = -D_GNU_SOURCE;-D_REENTRANT;-D__XENO__
LIBXENOMAI_NATIVE = undefined
LIBXENOMAI_NATIVE_STATIC = undefined
LIBXENOMAI_NATIVE_VERSION = 2.6.4
LIBXENOMAI_NATIVE_PREFIX = /usr/xenomai
LIBXENOMAI_NATIVE_INCLUDEDIR = /usr/xenomai/include
LIBXENOMAI_NATIVE_LIBDIR = /usr/xenomai/lib
LIBXENOMAI_NATIVE_PKGLIBDIR = 
LIBXENOMAI_NATIVE_BINDIR = 
LIBXENOMAI_NATIVE_DATAROOTDIR = 
LIBXENOMAI_NATIVE_PKGDATAROOTDIR = 
LIBXENOMAI_NATIVE_DOCDIR = 
LIBXENOMAI_NATIVE_DOXYGENDOCDIR = 
LIBXENOMAI_RTDM_FOUND = 1
LIBXENOMAI_RTDM_LIBRARIES = rtdm;xenomai;pthread;rt
LIBXENOMAI_RTDM_LIBRARY_DIRS = /usr/xenomai/lib
LIBXENOMAI_RTDM_LDFLAGS = -L/usr/xenomai/lib;-lrtdm;-lxenomai;-lpthread;-lrt
LIBXENOMAI_RTDM_LDFLAGS_OTHER = 
LIBXENOMAI_RTDM_INCLUDE_DIRS = /usr/xenomai/include
LIBXENOMAI_RTDM_CFLAGS = -D_GNU_SOURCE;-D_REENTRANT;-D__XENO__;-I/usr/xenomai/include
LIBXENOMAI_RTDM_CFLAGS_OTHER = -D_GNU_SOURCE;-D_REENTRANT;-D__XENO__
LIBXENOMAI_RTDM = undefined
LIBXENOMAI_RTDM_STATIC = undefined
LIBXENOMAI_RTDM_VERSION = 2.6.4
LIBXENOMAI_RTDM_PREFIX = /usr/xenomai
LIBXENOMAI_RTDM_INCLUDEDIR = /usr/xenomai/include
LIBXENOMAI_RTDM_LIBDIR = /usr/xenomai/lib
LIBXENOMAI_RTDM_PKGLIBDIR = 
LIBXENOMAI_RTDM_BINDIR = 
LIBXENOMAI_RTDM_DATAROOTDIR = 
LIBXENOMAI_RTDM_PKGDATAROOTDIR = 
LIBXENOMAI_RTDM_DOCDIR = 
LIBXENOMAI_RTDM_DOXYGENDOCDIR = 
WARNING_CXX_FLAGS =  -pedantic -Wno-long-long -Wall -Wextra -Wcast-align -Wcast-qual -Wformat -Wwrite-strings -Wconversion
_PKG_CONFIG_FOUND = undefined
PKG_CONFIG_EXECUTABLE = /usr/bin/pkg-config
_PKG_CONFIG_PREFIX = /usr/local
_PKG_CONFIG_EXEC_PREFIX = /usr/local
_PKG_CONFIG_LIBDIR = /usr/local/lib/x86_64-linux-gnu
_PKG_CONFIG_BINDIR = /usr/local/bin
_PKG_CONFIG_PKGLIBDIR = /usr/local/lib/x86_64-linux-gnu/vsa1control
_PKG_CONFIG_INCLUDEDIR = /usr/local/include
_PKG_CONFIG_DATAROOTDIR = /usr/local/share
_PKG_CONFIG_PKGDATAROOTDIR = /usr/local/share
_PKG_CONFIG_DOCDIR = /usr/local/share/doc/vsa1control
_PKG_CONFIG_DOXYGENDOCDIR = /usr/local/share/doc/vsa1control/doxygen-html
_PKG_CONFIG_PROJECT_NAME = vsa1control
_PKG_CONFIG_DESCRIPTION = General dynamic simulation of VSA with 1 axis.
_PKG_CONFIG_URL = 
_PKG_CONFIG_VERSION = UNKNOWN
_PKG_CONFIG_REQUIRES = 
_PKG_CONFIG_CONFLICTS = 
_PKG_CONFIG_LIBS = -L${libdir}
_PKG_CONFIG_LIBS_PRIVATE = 
_PKG_CONFIG_CFLAGS = -I${includedir}
PKG_CONFIG_EXTRA = 
DOXYGEN_SKIP_DOT = undefined
DOXYGEN_EXECUTABLE = /usr/bin/doxygen
DOXYGEN_FOUND = YES
DOXYGEN_DOT_EXECUTABLE = /usr/bin/dot
DOXYGEN_DOT_FOUND = YES
DOXYGEN_DOT_PATH = /usr/bin
## ---------------- ##
## Watched targets. ##
## ---------------- ##

